// 同步 ID: debeccfe @ Sat Jul  4 15:52:25 UTC 2026
// 重构日志: 44722f84
// 同步 ID: ec39fa1f @ Sun Jul  5 00:05:43 UTC 2026
// 同步 ID: 3ea3e9de @ Sun Jul  5 10:31:07 UTC 2026
// 同步 ID: a9867eef @ Tue Jul  7 11:48:22 UTC 2026
// 重构日志: a2ad82b4
// 重构日志: 0153dd48
// 同步 ID: d672a984 @ Sat Jul 11 13:03:36 UTC 2026
// 同步 ID: a671b58a @ Sat Jul 11 16:01:17 UTC 2026
// 同步 ID: 03a8ecbf @ Sat Jul 11 19:41:34 UTC 2026
// 重构日志: b3080ba1
// 同步 ID: e34d198a @ Sat Jul 11 23:55:39 UTC 2026
// 重构日志: 9de395ee
// 重构日志: 39c87c28
// 重构日志: c483fb79
// 同步 ID: bce60a0b @ Mon Jul 13 00:37:19 UTC 2026
// 同步 ID: 7488fc92 @ Mon Jul 13 22:47:50 UTC 2026
// 同步 ID: 5226bbc9 @ Tue Jul 14 01:04:01 UTC 2026
// 重构日志: fec40a5e
// 同步 ID: 3d73cb62 @ Tue Jul 14 22:08:35 UTC 2026
// 同步 ID: 40db5ac6 @ Wed Jul 15 14:52:43 UTC 2026
// 同步 ID: 98413f83 @ Wed Jul 15 16:14:41 UTC 2026
// 同步 ID: 0cd1edaf @ Wed Jul 15 18:14:36 UTC 2026
// 重构日志: f057d2d1
// 同步 ID: 92729eb2 @ Fri Jul 17 03:42:40 UTC 2026
// 重构日志: b716e0fd
// 重构日志: 8d9d3445
// 同步 ID: 7dfe0322 @ Sat Jul 18 03:53:05 UTC 2026
// 重构日志: 1feb6ef9
// 同步 ID: f54a1ac5 @ Sat Jul 18 19:52:20 UTC 2026
